[ 7/31/2018 4:41:26 PM ] [ ERROR ]: Unable to connect to the remote server
   at System.Net.HttpWebRequest.GetRequestStream(TransportContext& context)
   at System.Net.HttpWebRequest.GetRequestStream()
   at oadrlib.lib.http.HttpWebRequestWrapper.post(String url, String contentType, String content, X509Certificate2Collection certCollection) in G:\Scaling_VEN\OpenADR_nonMod\OpenADR-VEN-C#\oadrlib\lib\http\HttpWebRequestWrapper.cs:line 144
   at oadrlib.lib.helper.VEN.postRequest(String requestBody, String endPoint, OadrRequest oadrRequest, Type responseType) in G:\Scaling_VEN\OpenADR_nonMod\OpenADR-VEN-C#\oadrlib\lib\helper\VEN.cs:line 135
   at oadrlib.lib.oadr2b.VEN2b.postRequest(String requestBody, String endPoint, OadrRequest2b oadrRequest, Boolean expectingOadrResponse) in G:\Scaling_VEN\OpenADR_nonMod\OpenADR-VEN-C#\oadrlib\lib\oadr2b\VEN2b.cs:line 68
   at oadrlib.lib.oadr2b.VEN2b.queryRegistration(String requestID) in G:\Scaling_VEN\OpenADR_nonMod\OpenADR-VEN-C#\oadrlib\lib\oadr2b\VEN2b.cs:line 226
   at oadr2b_ven.ven.VenWrapper.doQueryPartyRegistration() in G:\Scaling_VEN\OpenADR_nonMod\OpenADR-VEN-C#\oadr2b-ven\ven\VenWrapper.cs:line 159
   at oadr2b_ven.ven.VenWrapper.handleRegistration(Boolean forceReregister) in G:\Scaling_VEN\OpenADR_nonMod\OpenADR-VEN-C#\oadr2b-ven\ven\VenWrapper.cs:line 286
[ 7/31/2018 4:46:36 PM ] [ ERROR ]: Unable to connect to the remote server
   at System.Net.HttpWebRequest.GetRequestStream(TransportContext& context)
   at System.Net.HttpWebRequest.GetRequestStream()
   at oadrlib.lib.http.HttpWebRequestWrapper.post(String url, String contentType, String content, X509Certificate2Collection certCollection) in G:\Scaling_VEN\OpenADR_nonMod\OpenADR-VEN-C#\oadrlib\lib\http\HttpWebRequestWrapper.cs:line 144
   at oadrlib.lib.helper.VEN.postRequest(String requestBody, String endPoint, OadrRequest oadrRequest, Type responseType) in G:\Scaling_VEN\OpenADR_nonMod\OpenADR-VEN-C#\oadrlib\lib\helper\VEN.cs:line 135
   at oadrlib.lib.oadr2b.VEN2b.postRequest(String requestBody, String endPoint, OadrRequest2b oadrRequest, Boolean expectingOadrResponse) in G:\Scaling_VEN\OpenADR_nonMod\OpenADR-VEN-C#\oadrlib\lib\oadr2b\VEN2b.cs:line 68
   at oadrlib.lib.oadr2b.VEN2b.queryRegistration(String requestID) in G:\Scaling_VEN\OpenADR_nonMod\OpenADR-VEN-C#\oadrlib\lib\oadr2b\VEN2b.cs:line 226
   at oadr2b_ven.ven.VenWrapper.doQueryPartyRegistration() in G:\Scaling_VEN\OpenADR_nonMod\OpenADR-VEN-C#\oadr2b-ven\ven\VenWrapper.cs:line 159
   at oadr2b_ven.ven.VenWrapper.handleRegistration(Boolean forceReregister) in G:\Scaling_VEN\OpenADR_nonMod\OpenADR-VEN-C#\oadr2b-ven\ven\VenWrapper.cs:line 286
[ 7/31/2018 4:46:38 PM ] [ ERROR ]: Unable to connect to the remote server
   at System.Net.HttpWebRequest.GetRequestStream(TransportContext& context)
   at System.Net.HttpWebRequest.GetRequestStream()
   at oadrlib.lib.http.HttpWebRequestWrapper.post(String url, String contentType, String content, X509Certificate2Collection certCollection) in G:\Scaling_VEN\OpenADR_nonMod\OpenADR-VEN-C#\oadrlib\lib\http\HttpWebRequestWrapper.cs:line 144
   at oadrlib.lib.helper.VEN.postRequest(String requestBody, String endPoint, OadrRequest oadrRequest, Type responseType) in G:\Scaling_VEN\OpenADR_nonMod\OpenADR-VEN-C#\oadrlib\lib\helper\VEN.cs:line 135
   at oadrlib.lib.oadr2b.VEN2b.postRequest(String requestBody, String endPoint, OadrRequest2b oadrRequest, Boolean expectingOadrResponse) in G:\Scaling_VEN\OpenADR_nonMod\OpenADR-VEN-C#\oadrlib\lib\oadr2b\VEN2b.cs:line 68
   at oadrlib.lib.oadr2b.VEN2b.queryRegistration(String requestID) in G:\Scaling_VEN\OpenADR_nonMod\OpenADR-VEN-C#\oadrlib\lib\oadr2b\VEN2b.cs:line 226
   at oadr2b_ven.ven.VenWrapper.doQueryPartyRegistration() in G:\Scaling_VEN\OpenADR_nonMod\OpenADR-VEN-C#\oadr2b-ven\ven\VenWrapper.cs:line 159
   at oadr2b_ven.ven.VenWrapper.handleRegistration(Boolean forceReregister) in G:\Scaling_VEN\OpenADR_nonMod\OpenADR-VEN-C#\oadr2b-ven\ven\VenWrapper.cs:line 286
[ 7/31/2018 4:46:41 PM ] [ ERROR ]: Unable to connect to the remote server
   at System.Net.HttpWebRequest.GetRequestStream(TransportContext& context)
   at System.Net.HttpWebRequest.GetRequestStream()
   at oadrlib.lib.http.HttpWebRequestWrapper.post(String url, String contentType, String content, X509Certificate2Collection certCollection) in G:\Scaling_VEN\OpenADR_nonMod\OpenADR-VEN-C#\oadrlib\lib\http\HttpWebRequestWrapper.cs:line 144
   at oadrlib.lib.helper.VEN.postRequest(String requestBody, String endPoint, OadrRequest oadrRequest, Type responseType) in G:\Scaling_VEN\OpenADR_nonMod\OpenADR-VEN-C#\oadrlib\lib\helper\VEN.cs:line 135
   at oadrlib.lib.oadr2b.VEN2b.postRequest(String requestBody, String endPoint, OadrRequest2b oadrRequest, Boolean expectingOadrResponse) in G:\Scaling_VEN\OpenADR_nonMod\OpenADR-VEN-C#\oadrlib\lib\oadr2b\VEN2b.cs:line 68
   at oadrlib.lib.oadr2b.VEN2b.queryRegistration(String requestID) in G:\Scaling_VEN\OpenADR_nonMod\OpenADR-VEN-C#\oadrlib\lib\oadr2b\VEN2b.cs:line 226
   at oadr2b_ven.ven.VenWrapper.doQueryPartyRegistration() in G:\Scaling_VEN\OpenADR_nonMod\OpenADR-VEN-C#\oadr2b-ven\ven\VenWrapper.cs:line 159
   at oadr2b_ven.ven.VenWrapper.handleRegistration(Boolean forceReregister) in G:\Scaling_VEN\OpenADR_nonMod\OpenADR-VEN-C#\oadr2b-ven\ven\VenWrapper.cs:line 286
